0 info it worked if it ends with ok
1 verbose cli [ '/home/kimcocru/.nvm/versions/node/v6.1.0/bin/node',
1 verbose cli   '/home/kimcocru/.nvm/versions/node/v6.1.0/bin/npm',
1 verbose cli   'install',
1 verbose cli   'bootstrap@3.' ]
2 info using npm@3.8.6
3 info using node@v6.1.0
4 verbose config Skipping project config: /home/kimcocru/.npmrc. (matches userconfig)
5 silly loadCurrentTree Starting
6 silly install loadCurrentTree
7 silly install readLocalPackageData
8 silly fetchPackageMetaData bootstrap@3.
9 silly fetchNamedPackageData bootstrap
10 silly mapToRegistry name bootstrap
11 silly mapToRegistry using default registry
12 silly mapToRegistry registry https://registry.npmjs.org/
13 silly mapToRegistry data Result {
13 silly mapToRegistry   raw: 'bootstrap',
13 silly mapToRegistry   scope: null,
13 silly mapToRegistry   name: 'bootstrap',
13 silly mapToRegistry   rawSpec: '',
13 silly mapToRegistry   spec: 'latest',
13 silly mapToRegistry   type: 'tag' }
14 silly mapToRegistry uri https://registry.npmjs.org/bootstrap
15 verbose request uri https://registry.npmjs.org/bootstrap
16 verbose request no auth needed
17 info attempt registry request try #1 at 2:06:05 PM
18 verbose request id f9e9e8590a9b2a52
19 http request GET https://registry.npmjs.org/bootstrap
20 http 200 https://registry.npmjs.org/bootstrap
21 verbose headers { 'content-type': 'application/json; charset=UTF-8',
21 verbose headers   server: 'UploadServer',
21 verbose headers   'cache-control': 'max-age=300',
21 verbose headers   'last-modified': 'Wed, 10 Jan 2018 19:06:36 GMT',
21 verbose headers   etag: '"5a56643c-1297d"',
21 verbose headers   'content-encoding': 'gzip',
21 verbose headers   'content-length': '13841',
21 verbose headers   'accept-ranges': 'bytes',
21 verbose headers   date: 'Wed, 10 Jan 2018 20:06:06 GMT',
21 verbose headers   via: '1.1 varnish',
21 verbose headers   age: '3558',
21 verbose headers   connection: 'keep-alive',
21 verbose headers   'x-served-by': 'cache-mia17626-MIA',
21 verbose headers   'x-cache': 'HIT',
21 verbose headers   'x-cache-hits': '3',
21 verbose headers   'x-timer': 'S1515614766.067912,VS0,VE0',
21 verbose headers   vary: 'Accept-Encoding, Accept' }
22 silly get cb [ 200,
22 silly get   { 'content-type': 'application/json; charset=UTF-8',
22 silly get     server: 'UploadServer',
22 silly get     'cache-control': 'max-age=300',
22 silly get     'last-modified': 'Wed, 10 Jan 2018 19:06:36 GMT',
22 silly get     etag: '"5a56643c-1297d"',
22 silly get     'content-encoding': 'gzip',
22 silly get     'content-length': '13841',
22 silly get     'accept-ranges': 'bytes',
22 silly get     date: 'Wed, 10 Jan 2018 20:06:06 GMT',
22 silly get     via: '1.1 varnish',
22 silly get     age: '3558',
22 silly get     connection: 'keep-alive',
22 silly get     'x-served-by': 'cache-mia17626-MIA',
22 silly get     'x-cache': 'HIT',
22 silly get     'x-cache-hits': '3',
22 silly get     'x-timer': 'S1515614766.067912,VS0,VE0',
22 silly get     vary: 'Accept-Encoding, Accept' } ]
23 verbose get saving bootstrap to /home/kimcocru/.npm/registry.npmjs.org/bootstrap/.cache.json
24 verbose correctMkdir /home/kimcocru/.npm correctMkdir not in flight; initializing
25 silly fetchPackageMetaData Error: No compatible version found: bootstrap@3.
25 silly fetchPackageMetaData Valid install targets:
25 silly fetchPackageMetaData 4.0.0-beta.3, 4.0.0-beta.2, 4.0.0-beta, 4.0.0-alpha.6, 4.0.0-alpha.5, 4.0.0-alpha.4, 4.0.0-alpha.3, 4.0.0-alpha.2, 3.3.7, 3.3.6, 3.3.5, 3.3.4, 3.3.2, 3.3.1, 3.3.0, 3.2.0, 3.1.1, 0.0.2, 0.0.1
25 silly fetchPackageMetaData
25 silly fetchPackageMetaData     at pickVersionFromRegistryDocument (/home/kimcocru/.nvm/versions/node/v6.1.0/lib/node_modules/npm/lib/fetch-package-metadata.js:156:16)
25 silly fetchPackageMetaData     at /home/kimcocru/.nvm/versions/node/v6.1.0/lib/node_modules/npm/node_modules/iferr/index.js:13:50
25 silly fetchPackageMetaData     at /home/kimcocru/.nvm/versions/node/v6.1.0/lib/node_modules/npm/lib/utils/pulse-till-done.js:19:8
25 silly fetchPackageMetaData     at saved (/home/kimcocru/.nvm/versions/node/v6.1.0/lib/node_modules/npm/lib/cache/caching-client.js:168:7)
25 silly fetchPackageMetaData     at /home/kimcocru/.nvm/versions/node/v6.1.0/lib/node_modules/npm/node_modules/graceful-fs/polyfills.js:210:7
25 silly fetchPackageMetaData     at FSReqWrap.oncomplete (fs.js:117:15)
25 silly fetchPackageMetaData  error for bootstrap@3. Error: No compatible version found: bootstrap@3.
25 silly fetchPackageMetaData Valid install targets:
25 silly fetchPackageMetaData 4.0.0-beta.3, 4.0.0-beta.2, 4.0.0-beta, 4.0.0-alpha.6, 4.0.0-alpha.5, 4.0.0-alpha.4, 4.0.0-alpha.3, 4.0.0-alpha.2, 3.3.7, 3.3.6, 3.3.5, 3.3.4, 3.3.2, 3.3.1, 3.3.0, 3.2.0, 3.1.1, 0.0.2, 0.0.1
25 silly fetchPackageMetaData
25 silly fetchPackageMetaData     at pickVersionFromRegistryDocument (/home/kimcocru/.nvm/versions/node/v6.1.0/lib/node_modules/npm/lib/fetch-package-metadata.js:156:16)
25 silly fetchPackageMetaData     at /home/kimcocru/.nvm/versions/node/v6.1.0/lib/node_modules/npm/node_modules/iferr/index.js:13:50
25 silly fetchPackageMetaData     at /home/kimcocru/.nvm/versions/node/v6.1.0/lib/node_modules/npm/lib/utils/pulse-till-done.js:19:8
25 silly fetchPackageMetaData     at saved (/home/kimcocru/.nvm/versions/node/v6.1.0/lib/node_modules/npm/lib/cache/caching-client.js:168:7)
25 silly fetchPackageMetaData     at /home/kimcocru/.nvm/versions/node/v6.1.0/lib/node_modules/npm/node_modules/graceful-fs/polyfills.js:210:7
25 silly fetchPackageMetaData     at FSReqWrap.oncomplete (fs.js:117:15)
26 silly rollbackFailedOptional Starting
27 silly rollbackFailedOptional Finishing
28 silly runTopLevelLifecycles Starting
29 silly runTopLevelLifecycles Finishing
30 silly install printInstalled
31 verbose stack Error: No compatible version found: bootstrap@3.
31 verbose stack Valid install targets:
31 verbose stack 4.0.0-beta.3, 4.0.0-beta.2, 4.0.0-beta, 4.0.0-alpha.6, 4.0.0-alpha.5, 4.0.0-alpha.4, 4.0.0-alpha.3, 4.0.0-alpha.2, 3.3.7, 3.3.6, 3.3.5, 3.3.4, 3.3.2, 3.3.1, 3.3.0, 3.2.0, 3.1.1, 0.0.2, 0.0.1
31 verbose stack
31 verbose stack     at pickVersionFromRegistryDocument (/home/kimcocru/.nvm/versions/node/v6.1.0/lib/node_modules/npm/lib/fetch-package-metadata.js:156:16)
31 verbose stack     at /home/kimcocru/.nvm/versions/node/v6.1.0/lib/node_modules/npm/node_modules/iferr/index.js:13:50
31 verbose stack     at /home/kimcocru/.nvm/versions/node/v6.1.0/lib/node_modules/npm/lib/utils/pulse-till-done.js:19:8
31 verbose stack     at saved (/home/kimcocru/.nvm/versions/node/v6.1.0/lib/node_modules/npm/lib/cache/caching-client.js:168:7)
31 verbose stack     at /home/kimcocru/.nvm/versions/node/v6.1.0/lib/node_modules/npm/node_modules/graceful-fs/polyfills.js:210:7
31 verbose stack     at FSReqWrap.oncomplete (fs.js:117:15)
32 verbose cwd /home/kimcocru/Desktop/Demo
33 error Linux 4.10.0-42-generic
34 error argv "/home/kimcocru/.nvm/versions/node/v6.1.0/bin/node" "/home/kimcocru/.nvm/versions/node/v6.1.0/bin/npm" "install" "bootstrap@3."
35 error node v6.1.0
36 error npm  v3.8.6
37 error No compatible version found: bootstrap@3.
37 error Valid install targets:
37 error 4.0.0-beta.3, 4.0.0-beta.2, 4.0.0-beta, 4.0.0-alpha.6, 4.0.0-alpha.5, 4.0.0-alpha.4, 4.0.0-alpha.3, 4.0.0-alpha.2, 3.3.7, 3.3.6, 3.3.5, 3.3.4, 3.3.2, 3.3.1, 3.3.0, 3.2.0, 3.1.1, 0.0.2, 0.0.1
38 error If you need help, you may report this error at:
38 error     <https://github.com/npm/npm/issues>
39 verbose exit [ 1, true ]
